<?xml version="1.0" encoding="UTF-8"?>
<!-- Generated by org.testng.reporters.JUnitXMLReporter -->
<testsuite hostname="Sandy-PC" ignored="2" name="Test-2" tests="2" failures="0" timestamp="21 Apr 2021 04:53:09 GMT" time="55.927" errors="0">
  <testcase name="CreatePurchaseOrderWithItemWithoutEnteringListPrice" time="34.877" classname="com.Vtiger.PurchaseOrderTc.CreatePurchaseOrderWithItemWithoutEnteringListPrice"/>
  <testcase name="CreatePurchaseOrderWithItemWithoutEnteringQTY" time="33.966" classname="com.Vtiger.PurchaseOrderTc.CreatePurchaseOrderWithItemWithoutEnteringQTY"/>
  <testcase name="@BeforeSuite beforesuite" time="0.0" classname="com.vtiger.generic.BaseClass">
    <ignored/>
  </testcase> <!-- @BeforeSuite beforesuite -->
  <testcase name="@AfterSuite afterSuite" time="0.0" classname="com.vtiger.generic.BaseClass">
    <ignored/>
  </testcase> <!-- @AfterSuite afterSuite -->
</testsuite> <!-- Test-2 -->
