<?xml version="1.0" encoding="UTF-8"?>
<!-- Generated by org.testng.reporters.JUnitXMLReporter -->
<testsuite hostname="Sandy-PC" ignored="4" name="Test-1" tests="3" failures="0" timestamp="21 Apr 2021 04:52:13 GMT" time="65.42" errors="0">
  <testcase name="CreatePurchaseOrderWithItemAndClickOnDownwardSymbol" time="17.961" classname="com.Vtiger.PurchaseOrderTc.CreatePurchaseOrderWithItemAndClickOnDownwardSymbol"/>
  <testcase name="CreatePurchaseOrderWithAllMandatoryFieldsExceptItems" time="24.344" classname="com.Vtiger.PurchaseOrderTc.CreatePurchaseOrderWithAllMandatoryFieldsExceptItems"/>
  <testcase name="CreateOrgonization" time="20.804" classname="com.Vtiger.tc.CreateNewOrgonization"/>
  <testcase name="@BeforeSuite beforesuite" time="0.0" classname="com.vtiger.generic.BaseClass">
    <ignored/>
  </testcase> <!-- @BeforeSuite beforesuite -->
  <testcase name="@BeforeSuite beforesuite" time="0.0" classname="com.vtiger.generic.BaseClass">
    <ignored/>
  </testcase> <!-- @BeforeSuite beforesuite -->
  <testcase name="@AfterSuite afterSuite" time="0.0" classname="com.vtiger.generic.BaseClass">
    <ignored/>
  </testcase> <!-- @AfterSuite afterSuite -->
  <testcase name="@AfterSuite afterSuite" time="0.0" classname="com.vtiger.generic.BaseClass">
    <ignored/>
  </testcase> <!-- @AfterSuite afterSuite -->
</testsuite> <!-- Test-1 -->
