<?xml version="1.0" encoding="UTF-8"?>
<!-- Generated by org.testng.reporters.JUnitReportReporter -->
<testsuite skipped="0" hostname="Sandy-PC" name="com.Vtiger.tc.CreateaContact" tests="1" failures="0" timestamp="09 Apr 2021 09:54:34 GMT" time="176.967" errors="0">
  <testcase name="CreateaContact" time="176.967" classname="com.Vtiger.tc.CreateaContact"/>
</testsuite> <!-- com.Vtiger.tc.CreateaContact -->
