<?xml version="1.0" encoding="UTF-8"?>
<!-- Generated by org.testng.reporters.JUnitReportReporter -->
<testsuite skipped="0" hostname="Sandy-PC" name="com.Vtiger.tc.CreatePurchaseOrderWithItemAndClickOnDownwardSymbol" tests="1" failures="0" timestamp="20 Apr 2021 15:08:19 GMT" time="13.140" errors="0">
  <testcase name="CreatePurchaseOrderWithItemAndClickOnDownwardSymbol" time="13.140" classname="com.Vtiger.tc.CreatePurchaseOrderWithItemAndClickOnDownwardSymbol"/>
</testsuite> <!-- com.Vtiger.tc.CreatePurchaseOrderWithItemAndClickOnDownwardSymbol -->
