<?xml version="1.0" encoding="UTF-8"?>
<!-- Generated by org.testng.reporters.JUnitReportReporter -->
<testsuite skipped="0" hostname="Sandy-PC" name="com.Vtiger.tc.CreateNewOrgonization" tests="1" failures="0" timestamp="16 Apr 2021 12:59:31 GMT" time="21.136" errors="0">
  <testcase name="CreateOrgonization" time="21.136" classname="com.Vtiger.tc.CreateNewOrgonization"/>
</testsuite> <!-- com.Vtiger.tc.CreateNewOrgonization -->
