<?xml version="1.0" encoding="UTF-8"?>
<!-- Generated by org.testng.reporters.JUnitReportReporter -->
<testsuite skipped="0" hostname="Sandy-PC" name="com.Vtiger.tc.CreatePurchaseOrderWithAllMandatoryFieldsExceptItems" tests="1" failures="0" timestamp="21 Apr 2021 12:19:10 GMT" time="18.404" errors="0">
  <testcase name="CreatePurchaseOrderWithItemQtyAndListprice" time="18.404" classname="com.Vtiger.tc.CreatePurchaseOrderWithAllMandatoryFieldsExceptItems"/>
</testsuite> <!-- com.Vtiger.tc.CreatePurchaseOrderWithAllMandatoryFieldsExceptItems -->
