<?xml version="1.0" encoding="UTF-8"?>
<!-- Generated by org.testng.reporters.JUnitReportReporter -->
<testsuite skipped="0" hostname="Sandy-PC" name="com.Vtiger.PurchaseOrderTc.CreatePurchaseOrderWithItemWithoutEnteringListPrice" tests="1" failures="0" timestamp="21 Apr 2021 04:53:09 GMT" time="43.310" errors="0">
  <testcase name="CreatePurchaseOrderWithItemWithoutEnteringListPrice" time="43.310" classname="com.Vtiger.PurchaseOrderTc.CreatePurchaseOrderWithItemWithoutEnteringListPrice"/>
</testsuite> <!-- com.Vtiger.PurchaseOrderTc.CreatePurchaseOrderWithItemWithoutEnteringListPrice -->
