<?xml version="1.0" encoding="UTF-8"?>
<!-- Generated by org.testng.reporters.JUnitReportReporter -->
<testsuite skipped="0" hostname="Sandy-PC" name="ShitaJdbc.ShitaJdbc.Dataprovider" tests="5" failures="0" timestamp="07 Apr 2021 16:09:53 GMT" time="0.028" errors="0">
  <testcase name="testcity1" time="0.021" classname="ShitaJdbc.ShitaJdbc.Dataprovider"/>
  <testcase name="testcity1" time="0.002" classname="ShitaJdbc.ShitaJdbc.Dataprovider"/>
  <testcase name="testcity1" time="0.002" classname="ShitaJdbc.ShitaJdbc.Dataprovider"/>
  <testcase name="testcity1" time="0.001" classname="ShitaJdbc.ShitaJdbc.Dataprovider"/>
  <testcase name="testcity1" time="0.002" classname="ShitaJdbc.ShitaJdbc.Dataprovider"/>
</testsuite> <!-- ShitaJdbc.ShitaJdbc.Dataprovider -->
