<?xml version="1.0" encoding="UTF-8"?>
<!-- Generated by org.testng.reporters.JUnitReportReporter -->
<testsuite skipped="0" hostname="Sandy-PC" name="com.Vtiger.PurchaseOrderTc.CreatePurchaseOrderWithItemWithoutEnteringListPrice" tests="1" failures="0" timestamp="18 Apr 2021 12:40:22 GMT" time="15.406" errors="0">
  <testcase name="CreatePurchaseOrderWithItemWithoutEnteringListPrice" time="15.406" classname="com.Vtiger.PurchaseOrderTc.CreatePurchaseOrderWithItemWithoutEnteringListPrice"/>
</testsuite> <!-- com.Vtiger.PurchaseOrderTc.CreatePurchaseOrderWithItemWithoutEnteringListPrice -->
