<?xml version="1.0" encoding="UTF-8"?>
<!-- Generated by org.testng.reporters.JUnitReportReporter -->
<testsuite skipped="0" hostname="Sandy-PC" name="com.Vtiger.tc.CreateOrgonization" tests="1" failures="0" timestamp="13 Apr 2021 07:18:37 GMT" time="25.466" errors="0">
  <testcase name="CreateOrgonization" time="25.466" classname="com.Vtiger.tc.CreateOrgonization"/>
</testsuite> <!-- com.Vtiger.tc.CreateOrgonization -->
