<?xml version="1.0" encoding="UTF-8"?>
<!-- Generated by org.testng.reporters.JUnitReportReporter -->
<testsuite skipped="0" hostname="Sandy-PC" name="com.Vtiger.tc.CreateNewOrgonization" tests="1" failures="0" timestamp="21 Apr 2021 04:53:09 GMT" time="26.586" errors="0">
  <testcase name="CreateOrgonization" time="26.586" classname="com.Vtiger.tc.CreateNewOrgonization"/>
</testsuite> <!-- com.Vtiger.tc.CreateNewOrgonization -->
