<?xml version="1.0" encoding="UTF-8"?>
<!-- Generated by org.testng.reporters.JUnitReportReporter -->
<testsuite skipped="0" hostname="Sandy-PC" name="com.Vtiger.tc.CreatePurchaseOrderWithItemWithoutEnteringListPrice" tests="1" failures="0" timestamp="21 Apr 2021 04:41:09 GMT" time="22.851" errors="0">
  <testcase name="CreatePurchaseOrderWithItemWithoutEnteringListPrice" time="22.851" classname="com.Vtiger.tc.CreatePurchaseOrderWithItemWithoutEnteringListPrice"/>
</testsuite> <!-- com.Vtiger.tc.CreatePurchaseOrderWithItemWithoutEnteringListPrice -->
