<?xml version="1.0" encoding="UTF-8"?>
<!-- Generated by org.testng.reporters.JUnitReportReporter -->
<testsuite skipped="0" hostname="Sandy-PC" name="com.Vtiger.tc.CreateNewContactPage" tests="1" failures="0" timestamp="20 Apr 2021 14:49:17 GMT" time="35.216" errors="0">
  <testcase name="CreateaContact" time="35.216" classname="com.Vtiger.tc.CreateNewContactPage"/>
</testsuite> <!-- com.Vtiger.tc.CreateNewContactPage -->
