<?xml version="1.0" encoding="UTF-8"?>
<!-- Generated by org.testng.reporters.JUnitReportReporter -->
<testsuite skipped="0" hostname="Sandy-PC" name="com.Vtiger.PurchaseOrderTc.CreatePurchaseOrderWithItemAndClickOnDownwardSymbol" tests="1" failures="0" timestamp="21 Apr 2021 04:53:09 GMT" time="23.464" errors="0">
  <testcase name="CreatePurchaseOrderWithItemAndClickOnDownwardSymbol" time="23.464" classname="com.Vtiger.PurchaseOrderTc.CreatePurchaseOrderWithItemAndClickOnDownwardSymbol"/>
</testsuite> <!-- com.Vtiger.PurchaseOrderTc.CreatePurchaseOrderWithItemAndClickOnDownwardSymbol -->
