<?xml version="1.0" encoding="UTF-8"?>
<!-- Generated by org.testng.reporters.JUnitReportReporter -->
<testsuite skipped="0" hostname="Sandy-PC" name="com.Vtiger.PurchaseOrderTc.CreatePurchaseOrderWithAllMandatoryFieldsExceptItems" tests="1" failures="0" timestamp="18 Apr 2021 12:23:10 GMT" time="15.670" errors="0">
  <testcase name="CreatePurchaseOrderWithItemQtyAndListprice" time="15.670" classname="com.Vtiger.PurchaseOrderTc.CreatePurchaseOrderWithAllMandatoryFieldsExceptItems"/>
</testsuite> <!-- com.Vtiger.PurchaseOrderTc.CreatePurchaseOrderWithAllMandatoryFieldsExceptItems -->
