<?xml version="1.0" encoding="UTF-8"?>
<!-- Generated by org.testng.reporters.JUnitReportReporter -->
<testsuite skipped="0" hostname="Sandy-PC" name="com.Vtiger.tc.CreatePurchaseOrderWithAllMandatoryFieldsExceptItems" tests="1" failures="0" timestamp="02 May 2021 13:34:59 GMT" time="37.814" errors="0">
  <testcase name="CreatePurchaseOrderWithItemQtyAndListprice" time="37.814" classname="com.Vtiger.tc.CreatePurchaseOrderWithAllMandatoryFieldsExceptItems"/>
</testsuite> <!-- com.Vtiger.tc.CreatePurchaseOrderWithAllMandatoryFieldsExceptItems -->
