<?xml version="1.0" encoding="UTF-8"?>
<!-- Generated by org.testng.reporters.JUnitReportReporter -->
<testsuite skipped="0" hostname="Sandy-PC" name="com.Vtiger.PurchaseOrderTc.CreatePurchaseOrderWithItemAndClickOnDownwardSymbol" tests="1" failures="0" timestamp="17 Apr 2021 15:19:05 GMT" time="14.973" errors="0">
  <testcase name="CreatePurchaseOrderWithItem" time="14.973" classname="com.Vtiger.PurchaseOrderTc.CreatePurchaseOrderWithItemAndClickOnDownwardSymbol"/>
</testsuite> <!-- com.Vtiger.PurchaseOrderTc.CreatePurchaseOrderWithItemAndClickOnDownwardSymbol -->
