<?xml version="1.0" encoding="UTF-8"?>
<!-- Generated by org.testng.reporters.JUnitReportReporter -->
<testsuite skipped="0" hostname="Sandy-PC" name="com.Vtiger.tc.CreateContactWithOrganizationIT" tests="1" failures="0" timestamp="13 Apr 2021 06:16:12 GMT" time="27.153" errors="0">
  <testcase name="CreateContactWithOrganizationIT" time="27.153" classname="com.Vtiger.tc.CreateContactWithOrganizationIT"/>
</testsuite> <!-- com.Vtiger.tc.CreateContactWithOrganizationIT -->
