<?xml version="1.0" encoding="UTF-8"?>
<!-- Generated by org.testng.reporters.JUnitReportReporter -->
<testsuite skipped="0" hostname="Sandy-PC" name="com.Vtiger.tc.CreateaContactPage" tests="1" failures="0" timestamp="15 Apr 2021 14:32:07 GMT" time="25.168" errors="0">
  <testcase name="CreateaContact" time="25.168" classname="com.Vtiger.tc.CreateaContactPage"/>
</testsuite> <!-- com.Vtiger.tc.CreateaContactPage -->
