<?xml version="1.0" encoding="UTF-8"?>
<!-- Generated by org.testng.reporters.JUnitReportReporter -->
<testsuite skipped="0" hostname="Sandy-PC" name="com.Vtiger.PurchaseOrderTc.CreatePurchaseOrderWithItemWithoutEnteringQTY" tests="1" failures="0" timestamp="18 Apr 2021 12:26:06 GMT" time="17.884" errors="0">
  <testcase name="CreatePurchaseOrderWithItemWithoutEnteringQTY" time="17.884" classname="com.Vtiger.PurchaseOrderTc.CreatePurchaseOrderWithItemWithoutEnteringQTY"/>
</testsuite> <!-- com.Vtiger.PurchaseOrderTc.CreatePurchaseOrderWithItemWithoutEnteringQTY -->
