<?xml version="1.0" encoding="UTF-8"?>
<!-- Generated by org.testng.reporters.JUnitReportReporter -->
<testsuite skipped="0" hostname="Sandy-PC" name="com.Vtiger.tc.CreateContactWithOrganizationIT" tests="1" failures="0" timestamp="15 Apr 2021 17:22:01 GMT" time="40.837" errors="0">
  <testcase name="CreateContactWithOrganizationIT" time="40.837" classname="com.Vtiger.tc.CreateContactWithOrganizationIT"/>
</testsuite> <!-- com.Vtiger.tc.CreateContactWithOrganizationIT -->
