<?xml version="1.0" encoding="UTF-8"?>
<!-- Generated by org.testng.reporters.JUnitReportReporter -->
<testsuite skipped="0" hostname="Sandy-PC" name="com.Vtiger.PurchaseOrderTc.CreatePurchaseOrderWithItemQtyAndListprice" tests="1" failures="0" timestamp="18 Apr 2021 11:48:20 GMT" time="15.956" errors="0">
  <testcase name="CreatePurchaseOrderWithItemQtyAndListprice" time="15.956" classname="com.Vtiger.PurchaseOrderTc.CreatePurchaseOrderWithItemQtyAndListprice"/>
</testsuite> <!-- com.Vtiger.PurchaseOrderTc.CreatePurchaseOrderWithItemQtyAndListprice -->
