<?xml version="1.0" encoding="UTF-8"?>
<!-- Generated by org.testng.reporters.JUnitReportReporter -->
<testsuite skipped="0" hostname="Sandy-PC" name="com.Vtiger.tc.CreatePurchaseOrderWithItemQtyAndListprice" tests="1" failures="0" timestamp="26 Apr 2021 12:21:27 GMT" time="18.577" errors="0">
  <testcase name="CreatePurchaseOrderWithItemQtyAndListprice" time="18.577" classname="com.Vtiger.tc.CreatePurchaseOrderWithItemQtyAndListprice"/>
</testsuite> <!-- com.Vtiger.tc.CreatePurchaseOrderWithItemQtyAndListprice -->
