<?xml version="1.0" encoding="UTF-8"?>
<!-- Generated by org.testng.reporters.JUnitReportReporter -->
<testsuite skipped="0" hostname="Sandy-PC" name="com.Vtiger.PurchaseOrderTc.CreatePurchaseOrderWithItemWithoutEnteringQTY" tests="1" failures="0" timestamp="21 Apr 2021 04:53:09 GMT" time="46.855" errors="0">
  <testcase name="CreatePurchaseOrderWithItemWithoutEnteringQTY" time="46.855" classname="com.Vtiger.PurchaseOrderTc.CreatePurchaseOrderWithItemWithoutEnteringQTY"/>
</testsuite> <!-- com.Vtiger.PurchaseOrderTc.CreatePurchaseOrderWithItemWithoutEnteringQTY -->
